2021-05-29 15:09:11,782 - __main__ - INFO - Logger creado
2021-05-29 15:09:11,782 - __main__ - INFO - Inicio
2021-05-29 15:09:13,789 - __main__ - INFO - 1999-11-01      69.13
1999-11-02      66.44
1999-11-03      65.81
1999-11-04      63.06
1999-11-05      64.94
               ...   
2021-05-24    3244.99
2021-05-25    3259.05
2021-05-26    3265.16
2021-05-27    3230.11
2021-05-28    3223.07
Name: close, Length: 5429, dtype: float64
2021-05-29 15:09:13,791 - __main__ - INFO - Dibujando gráfica...
2021-05-29 15:09:55,998 - __main__ - INFO - Fin
2021-05-29 15:44:47,013 - __main__ - INFO - Logger creado
2021-05-29 15:44:47,013 - __main__ - INFO - Inicio
2021-05-29 15:44:48,916 - __main__ - INFO - Fin
2021-05-29 15:47:07,160 - __main__ - INFO - Logger creado
2021-05-29 15:47:07,162 - __main__ - INFO - Inicio
2021-05-29 15:47:09,302 - __main__ - INFO - 1999-11-01      69.13
1999-11-02      66.44
1999-11-03      65.81
1999-11-04      63.06
1999-11-05      64.94
               ...   
2021-05-24    3244.99
2021-05-25    3259.05
2021-05-26    3265.16
2021-05-27    3230.11
2021-05-28    3223.07
Name: close, Length: 5429, dtype: float64
2021-05-29 15:47:09,304 - __main__ - INFO - Dibujando gráfica...
2021-05-29 15:48:45,570 - __main__ - INFO - Logger creado
2021-05-29 15:48:45,570 - __main__ - INFO - Inicio
2021-05-29 15:48:48,599 - __main__ - INFO - Fin
2021-05-29 15:49:05,439 - __main__ - INFO - Logger creado
2021-05-29 15:49:05,439 - __main__ - INFO - Inicio
2021-05-29 15:49:07,766 - __main__ - INFO - Fin
2021-05-29 15:51:28,621 - __main__ - INFO - Logger creado
2021-05-29 15:51:28,621 - __main__ - INFO - Inicio
2021-05-29 15:51:30,732 - __main__ - INFO - 2020-01-02    1898.01
2020-01-03    1874.97
2020-01-06    1902.88
2020-01-07    1906.86
2020-01-08    1891.97
               ...   
2020-12-24    3172.69
2020-12-28    3283.96
2020-12-29    3322.00
2020-12-30    3285.85
2020-12-31    3256.93
Name: close, Length: 253, dtype: float64
2021-05-29 15:51:30,733 - __main__ - INFO - Dibujando gráfica...
2021-05-29 16:18:17,471 - __main__ - INFO - Logger creado
2021-05-29 16:18:17,471 - __main__ - INFO - Inicio
2021-05-29 16:18:19,888 - __main__ - INFO - 2020-01-02    1898.01
2020-01-03    1874.97
2020-01-06    1902.88
2020-01-07    1906.86
2020-01-08    1891.97
               ...   
2020-12-24    3172.69
2020-12-28    3283.96
2020-12-29    3322.00
2020-12-30    3285.85
2020-12-31    3256.93
Name: close, Length: 253, dtype: float64
2021-05-29 16:18:19,889 - __main__ - INFO - Dibujando gráfica...
2021-05-29 16:18:29,155 - __main__ - INFO - Fin
2021-05-29 16:20:34,320 - __main__ - INFO - Logger creado
2021-05-29 16:20:34,320 - __main__ - INFO - Inicio
2021-05-29 16:20:34,320 - teii.finance.finance - INFO - API key configuration
2021-05-29 16:20:34,320 - teii.finance.finance - INFO - Finance API access...
2021-05-29 16:20:36,398 - teii.finance.finance - INFO - Successful API access [URL: https://www.alphavantage.co/query?function=TIME_SERIES_DAILY_ADJUSTED&symbol=AMZN&outputsize=full&apikey=https://www.alphavantage.co/support/#api-key, status: 200]
2021-05-29 16:20:36,398 - teii.finance.finance - INFO - Finance API query response processing...
2021-05-29 16:20:36,409 - teii.finance.finance - INFO - Metadata and data fields found
2021-05-29 16:20:36,409 - teii.finance.finance - INFO - Metadata: '{'1. Information': 'Daily Time Series with Splits and Dividend Events', '2. Symbol': 'AMZN', '3. Last Refreshed': '2021-05-28', '4. Output Size': 'Full size', '5. Time Zone': 'US/Eastern'}'
2021-05-29 16:20:36,439 - teii.finance.finance - INFO - Data: '{"2021-05-28": {"1. open": "3242.0", "2. high": "3247.99", "3. low": "3219.7", "4. close": "3223.07", "5. adjusted close": "3223.07", "6. volume": "2331509", "7. dividend amount": "0.0000", "8. split coefficient": "1.0...'
2021-05-29 16:20:36,439 - teii.finance.finance - INFO - Finance API query data validation...
2021-05-29 16:20:36,440 - teii.finance.finance - INFO - Metadata key '2. Symbol' = 'AMZN' found
2021-05-29 16:20:36,467 - __main__ - INFO - 2020-01-02    1898.01
2020-01-03    1874.97
2020-01-06    1902.88
2020-01-07    1906.86
2020-01-08    1891.97
               ...   
2020-12-24    3172.69
2020-12-28    3283.96
2020-12-29    3322.00
2020-12-30    3285.85
2020-12-31    3256.93
Name: close, Length: 253, dtype: float64
2021-05-29 16:20:36,468 - __main__ - INFO - Dibujando gráfica...
2021-05-29 16:21:04,169 - __main__ - INFO - Fin
2021-05-30 18:52:33,697 - __main__ - INFO - Logger creado
2021-05-30 18:52:33,697 - __main__ - INFO - Inicio
2021-05-30 18:52:33,697 - teii.finance.finance - INFO - API key configuration
2021-05-30 18:52:33,697 - teii.finance.finance - INFO - Finance API access...
2021-05-30 18:52:35,836 - teii.finance.finance - INFO - Successful API access [URL: https://www.alphavantage.co/query?function=TIME_SERIES_DAILY_ADJUSTED&symbol=AMZN&outputsize=full&apikey=https://www.alphavantage.co/support/#api-key, status: 200]
2021-05-30 18:52:35,836 - teii.finance.finance - INFO - Finance API query response processing...
2021-05-30 18:52:35,848 - teii.finance.finance - INFO - Metadata and data fields found
2021-05-30 18:52:35,849 - teii.finance.finance - INFO - Metadata: '{'1. Information': 'Daily Time Series with Splits and Dividend Events', '2. Symbol': 'AMZN', '3. Last Refreshed': '2021-05-28', '4. Output Size': 'Full size', '5. Time Zone': 'US/Eastern'}'
2021-05-30 18:52:35,858 - teii.finance.finance - INFO - Data: '{"2021-05-28": {"1. open": "3242.0", "2. high": "3247.99", "3. low": "3219.7", "4. close": "3223.07", "5. adjusted close": "3223.07", "6. volume": "2331509", "7. dividend amount": "0.0000", "8. split coefficient": "1.0...'
2021-05-30 18:52:35,858 - teii.finance.finance - INFO - Finance API query data validation...
2021-05-30 18:52:35,858 - teii.finance.finance - INFO - Metadata key '2. Symbol' = 'AMZN' found
2021-05-30 18:52:35,880 - teii.finance.finance - INFO - Data from dict in JSON converted to DataFrame
2021-05-30 18:52:35,892 - __main__ - INFO - 2020-01-02    1898.01
2020-01-03    1874.97
2020-01-06    1902.88
2020-01-07    1906.86
2020-01-08    1891.97
               ...   
2020-12-24    3172.69
2020-12-28    3283.96
2020-12-29    3322.00
2020-12-30    3285.85
2020-12-31    3256.93
Name: close, Length: 253, dtype: float64
2021-05-30 18:52:35,894 - __main__ - INFO - Dibujando gráfica...
2021-05-30 18:52:47,171 - __main__ - INFO - Fin
2021-06-01 22:37:55,145 - __main__ - INFO - Logger creado
2021-06-01 22:37:55,145 - __main__ - INFO - Inicio
2021-06-01 22:37:55,145 - teii.finance.finance - INFO - API key configuration
2021-06-01 22:37:55,145 - teii.finance.finance - INFO - Finance API access...
2021-06-01 22:37:55,145 - teii.finance.finance - INFO - Building response from['AMZN']
2021-06-01 22:37:55,145 - teii.finance.finance - INFO - IteratingAMZN
2021-06-01 22:37:56,937 - teii.finance.finance - INFO - Appended response https://www.alphavantage.co/query?function=TIME_SERIES_DAILY_ADJUSTED&symbol=AMZN&outputsize=full&apikey=https://www.alphavantage.co/support/#api-key
2021-06-01 22:37:56,937 - teii.finance.finance - INFO - Successful API access [URL: https://www.alphavantage.co/query?function=TIME_SERIES_DAILY_ADJUSTED&symbol=AMZN&outputsize=full&apikey=https://www.alphavantage.co/support/#api-key, status: 200]
2021-06-01 22:37:56,937 - teii.finance.finance - INFO - Finance API query response processing...
2021-06-01 22:37:56,937 - teii.finance.finance - INFO - Trying to process API
2021-06-01 22:37:56,952 - teii.finance.finance - INFO - Metadata and data fields found
2021-06-01 22:37:56,952 - teii.finance.finance - INFO - Metadata: {'1. Information': 'Daily Time Series with Splits and Dividend Events', '2. Symbol': 'AMZN', '3. Last Refreshed': '2021-06-01 16:00:01', '4. Output Size': 'Full size', '5. Time Zone': 'US/Eastern'}
2021-06-01 22:37:56,962 - teii.finance.finance - INFO - Data: {"2021-06-01": {"1. open": "3243.5", "2. high": "3250.98", "3. low": "3209.06", "4. close": "3218.65", "5. adjusted close": "3218.65", "6. volume": "2308354", "7. dividend amount": "0.0000", "8. split coefficient": "1....
2021-06-01 22:37:56,962 - teii.finance.finance - INFO - Finance API query data validation...
2021-06-01 22:37:56,962 - teii.finance.finance - INFO - Metadata key '2. Symbol' = 'AMZN' found
2021-06-01 22:37:56,980 - teii.finance.finance - INFO - {'Data from dict in JSON converted to DataFrame'}
2021-06-01 22:37:56,980 - teii.finance.finance - INFO - {'Dataframe column names converted'}
2021-06-01 22:37:56,982 - teii.finance.finance - INFO - {'Dataframe column converted to the right types'}
2021-06-01 22:37:56,984 - teii.finance.finance - INFO - {'Dataframe index converted to datetime'}
2021-06-01 22:37:56,985 - teii.finance.finance - INFO - {'Collected all data frames'}
2021-06-01 22:37:56,985 - teii.finance.finance - INFO - Starting daily_price query
2021-06-01 22:37:56,985 - teii.finance.finance - INFO - Extracting data from dataframe
2021-06-01 22:37:56,985 - teii.finance.finance - INFO - Dates in daily_price are correct
2021-06-01 22:37:56,985 - __main__ - INFO - [2020-01-02    1898.01
2020-01-03    1874.97
2020-01-06    1902.88
2020-01-07    1906.86
2020-01-08    1891.97
               ...   
2020-12-24    3172.69
2020-12-28    3283.96
2020-12-29    3322.00
2020-12-30    3285.85
2020-12-31    3256.93
Name: close, Length: 253, dtype: float64]
2021-06-01 22:37:56,986 - __main__ - INFO - Dibujando gráfica...
2021-06-01 22:37:59,803 - __main__ - INFO - Fin
